# JRE version: OpenJDK Runtime Environment (11.0.15) (build 11.0.15+0-b2043.56-9505619)
# Java VM: OpenJDK 64-Bit Server VM (11.0.15+0-b2043.56-9505619, mixed mode, tiered, compressed oops, g1 gc, windows-amd64)
Heap:
 garbage-first heap   total 172032K, used 62313K [0x00000000a1400000, 0x0000000100000000)
  region size 1024K, 5 young (5120K), 5 survivors (5120K)
 Metaspace       used 71565K, capacity 72314K, committed 72604K, reserved 1114112K
  class space    used 7784K, capacity 8096K, committed 8136K, reserved 1048576K
GC Heap History (20 events):
Event: 5.113 GC heap after
{Heap after GC invocations=4 (full 0):
 garbage-first heap   total 98304K, used 20490K [0x00000000a1400000, 0x0000000100000000)
  region size 1024K, 6 young (6144K), 6 survivors (6144K)
 Metaspace       used 32811K, capacity 33387K, committed 33532K, reserved 1079296K
  class space    used 4064K, capacity 4297K, committed 4348K, reserved 1048576K
}
Event: 5.579 GC heap before
{Heap before GC invocations=4 (full 0):
 garbage-first heap   total 98304K, used 31754K [0x00000000a1400000, 0x0000000100000000)
  region size 1024K, 18 young (18432K), 6 survivors (6144K)
 Metaspace       used 35479K, capacity 35959K, committed 36048K, reserved 1081344K
  class space    used 4349K, capacity 4557K, committed 4604K, reserved 1048576K
}
Event: 5.599 GC heap after
{Heap after GC invocations=5 (full 0):
 garbage-first heap   total 98304K, used 22352K [0x00000000a1400000, 0x0000000100000000)
  region size 1024K, 2 young (2048K), 2 survivors (2048K)
 Metaspace       used 35479K, capacity 35959K, committed 36048K, reserved 1081344K
  class space    used 4349K, capacity 4557K, committed 4604K, reserved 1048576K
}
Event: 7.004 GC heap before
{Heap before GC invocations=6 (full 0):
 garbage-first heap   total 98304K, used 56144K [0x00000000a1400000, 0x0000000100000000)
  region size 1024K, 35 young (35840K), 2 survivors (2048K)
 Metaspace       used 41964K, capacity 42501K, committed 42780K, reserved 1087488K
  class space    used 4976K, capacity 5176K, committed 5192K, reserved 1048576K
}
Event: 7.022 GC heap after
{Heap after GC invocations=7 (full 0):
 garbage-first heap   total 118784K, used 25127K [0x00000000a1400000, 0x0000000100000000)
  region size 1024K, 5 young (5120K), 5 survivors (5120K)
 Metaspace       used 41964K, capacity 42501K, committed 42780K, reserved 1087488K
  class space    used 4976K, capacity 5176K, committed 5192K, reserved 1048576K
}
Event: 8.554 GC heap before
{Heap before GC invocations=7 (full 0):
 garbage-first heap   total 118784K, used 71207K [0x00000000a1400000, 0x0000000100000000)
  region size 1024K, 49 young (50176K), 5 survivors (5120K)
 Metaspace       used 47831K, capacity 48404K, committed 48540K, reserved 1091584K
  class space    used 5602K, capacity 5797K, committed 5832K, reserved 1048576K
}
Event: 8.583 GC heap after
{Heap after GC invocations=8 (full 0):
 garbage-first heap   total 118784K, used 29187K [0x00000000a1400000, 0x0000000100000000)
  region size 1024K, 7 young (7168K), 7 survivors (7168K)
 Metaspace       used 47831K, capacity 48404K, committed 48540K, reserved 1091584K
  class space    used 5602K, capacity 5797K, committed 5832K, reserved 1048576K
}
Event: 10.829 GC heap before
{Heap before GC invocations=8 (full 0):
 garbage-first heap   total 118784K, used 75267K [0x00000000a1400000, 0x0000000100000000)
  region size 1024K, 52 young (53248K), 7 survivors (7168K)
 Metaspace       used 51435K, capacity 51979K, committed 52124K, reserved 1095680K
  class space    used 5837K, capacity 6039K, committed 6088K, reserved 1048576K
}
Event: 10.879 GC heap after
{Heap after GC invocations=9 (full 0):
 garbage-first heap   total 118784K, used 36787K [0x00000000a1400000, 0x0000000100000000)
  region size 1024K, 7 young (7168K), 7 survivors (7168K)
 Metaspace       used 51435K, capacity 51979K, committed 52124K, reserved 1095680K
  class space    used 5837K, capacity 6039K, committed 6088K, reserved 1048576K
}
Event: 11.661 GC heap before
{Heap before GC invocations=9 (full 0):
 garbage-first heap   total 118784K, used 79795K [0x00000000a1400000, 0x0000000100000000)
  region size 1024K, 49 young (50176K), 7 survivors (7168K)
 Metaspace       used 51920K, capacity 52509K, committed 52764K, reserved 1095680K
  class space    used 5867K, capacity 6109K, committed 6216K, reserved 1048576K
}
Event: 11.701 GC heap after
{Heap after GC invocations=10 (full 0):
 garbage-first heap   total 118784K, used 41984K [0x00000000a1400000, 0x0000000100000000)
  region size 1024K, 5 young (5120K), 5 survivors (5120K)
 Metaspace       used 51920K, capacity 52509K, committed 52764K, reserved 1095680K
  class space    used 5867K, capacity 6109K, committed 6216K, reserved 1048576K
}
Event: 12.706 GC heap before
{Heap before GC invocations=10 (full 0):
 garbage-first heap   total 118784K, used 82944K [0x00000000a1400000, 0x0000000100000000)
  region size 1024K, 45 young (46080K), 5 survivors (5120K)
 Metaspace       used 55197K, capacity 55898K, committed 56220K, reserved 1099776K
  class space    used 6244K, capacity 6513K, committed 6600K, reserved 1048576K
}
Event: 12.735 GC heap after
{Heap after GC invocations=11 (full 0):
 garbage-first heap   total 143360K, used 44981K [0x00000000a1400000, 0x0000000100000000)
  region size 1024K, 3 young (3072K), 3 survivors (3072K)
 Metaspace       used 55197K, capacity 55898K, committed 56220K, reserved 1099776K
  class space    used 6244K, capacity 6513K, committed 6600K, reserved 1048576K
}
Event: 14.835 GC heap before
{Heap before GC invocations=11 (full 0):
 garbage-first heap   total 143360K, used 69557K [0x00000000a1400000, 0x0000000100000000)
  region size 1024K, 28 young (28672K), 3 survivors (3072K)
 Metaspace       used 59761K, capacity 60493K, committed 60572K, reserved 1103872K
  class space    used 6765K, capacity 7083K, committed 7112K, reserved 1048576K
}
Event: 14.861 GC heap after
{Heap after GC invocations=12 (full 0):
 garbage-first heap   total 143360K, used 48548K [0x00000000a1400000, 0x0000000100000000)
  region size 1024K, 7 young (7168K), 7 survivors (7168K)
 Metaspace       used 59761K, capacity 60493K, committed 60572K, reserved 1103872K
  class space    used 6765K, capacity 7083K, committed 7112K, reserved 1048576K
}
Event: 18.009 GC heap before
{Heap before GC invocations=13 (full 0):
 garbage-first heap   total 143360K, used 95652K [0x00000000a1400000, 0x0000000100000000)
  region size 1024K, 53 young (54272K), 7 survivors (7168K)
 Metaspace       used 65810K, capacity 66582K, committed 66716K, reserved 1107968K
  class space    used 7295K, capacity 7615K, committed 7624K, reserved 1048576K
}
Event: 18.038 GC heap after
{Heap after GC invocations=14 (full 0):
 garbage-first heap   total 143360K, used 53484K [0x00000000a1400000, 0x0000000100000000)
  region size 1024K, 5 young (5120K), 5 survivors (5120K)
 Metaspace       used 65810K, capacity 66582K, committed 66716K, reserved 1107968K
  class space    used 7295K, capacity 7615K, committed 7624K, reserved 1048576K
}
Event: 19.720 GC heap before
{Heap before GC invocations=14 (full 0):
 garbage-first heap   total 143360K, used 100588K [0x00000000a1400000, 0x0000000100000000)
  region size 1024K, 51 young (52224K), 5 survivors (5120K)
 Metaspace       used 68648K, capacity 69433K, committed 69532K, reserved 1112064K
  class space    used 7542K, capacity 7840K, committed 7880K, reserved 1048576K
}
Event: 19.745 GC heap after
{Heap after GC invocations=15 (full 0):
 garbage-first heap   total 143360K, used 57979K [0x00000000a1400000, 0x0000000100000000)
  region size 1024K, 5 young (5120K), 5 survivors (5120K)
 Metaspace       used 68648K, capacity 69433K, committed 69532K, reserved 1112064K
  class space    used 7542K, capacity 7840K, committed 7880K, reserved 1048576K
}
Event: 21.097 GC heap before
{Heap before GC invocations=15 (full 0):
 garbage-first heap   total 143360K, used 104059K [0x00000000a1400000, 0x0000000100000000)
  region size 1024K, 50 young (51200K), 5 survivors (5120K)
 Metaspace       used 71565K, capacity 72314K, committed 72604K, reserved 1114112K
  class space    used 7784K, capacity 8096K, committed 8136K, reserved 1048576K
}

