# JRE version: OpenJDK Runtime Environment (11.0.15) (build 11.0.15+0-b2043.56-9505619)
# Java VM: OpenJDK 64-Bit Server VM (11.0.15+0-b2043.56-9505619, mixed mode, tiered, compressed oops, g1 gc, windows-amd64)
Heap:
 garbage-first heap   total 120832K, used 74240K [0x00000000a1400000, 0x0000000100000000)
  region size 1024K, 34 young (34816K), 3 survivors (3072K)
 Metaspace       used 60052K, capacity 60815K, committed 61084K, reserved 1103872K
  class space    used 6777K, capacity 7083K, committed 7116K, reserved 1048576K
GC Heap History (16 events):
Event: 0.773 GC heap before
{Heap before GC invocations=0 (full 0):
 garbage-first heap   total 98304K, used 17408K [0x00000000a1400000, 0x0000000100000000)
  region size 1024K, 14 young (14336K), 0 survivors (0K)
 Metaspace       used 9820K, capacity 9906K, committed 10112K, reserved 1058816K
  class space    used 826K, capacity 853K, committed 896K, reserved 1048576K
}
Event: 0.780 GC heap after
{Heap after GC invocations=1 (full 0):
 garbage-first heap   total 98304K, used 5271K [0x00000000a1400000, 0x0000000100000000)
  region size 1024K, 2 young (2048K), 2 survivors (2048K)
 Metaspace       used 9820K, capacity 9906K, committed 10112K, reserved 1058816K
  class space    used 826K, capacity 853K, committed 896K, reserved 1048576K
}
Event: 2.247 GC heap before
{Heap before GC invocations=1 (full 0):
 garbage-first heap   total 98304K, used 50327K [0x00000000a1400000, 0x0000000100000000)
  region size 1024K, 47 young (48128K), 2 survivors (2048K)
 Metaspace       used 20992K, capacity 21222K, committed 21248K, reserved 1069056K
  class space    used 2206K, capacity 2293K, committed 2304K, reserved 1048576K
}
Event: 2.269 GC heap after
{Heap after GC invocations=2 (full 0):
 garbage-first heap   total 98304K, used 9278K [0x00000000a1400000, 0x0000000100000000)
  region size 1024K, 6 young (6144K), 6 survivors (6144K)
 Metaspace       used 20992K, capacity 21222K, committed 21248K, reserved 1069056K
  class space    used 2206K, capacity 2293K, committed 2304K, reserved 1048576K
}
Event: 4.126 GC heap before
{Heap before GC invocations=3 (full 0):
 garbage-first heap   total 98304K, used 61502K [0x00000000a1400000, 0x0000000100000000)
  region size 1024K, 52 young (53248K), 6 survivors (6144K)
 Metaspace       used 32541K, capacity 33035K, committed 33276K, reserved 1079296K
  class space    used 4035K, capacity 4265K, committed 4352K, reserved 1048576K
}
Event: 4.171 GC heap after
{Heap after GC invocations=4 (full 0):
 garbage-first heap   total 98304K, used 20644K [0x00000000a1400000, 0x0000000100000000)
  region size 1024K, 7 young (7168K), 7 survivors (7168K)
 Metaspace       used 32541K, capacity 33035K, committed 33276K, reserved 1079296K
  class space    used 4035K, capacity 4265K, committed 4352K, reserved 1048576K
}
Event: 4.629 GC heap before
{Heap before GC invocations=4 (full 0):
 garbage-first heap   total 98304K, used 32932K [0x00000000a1400000, 0x0000000100000000)
  region size 1024K, 20 young (20480K), 7 survivors (7168K)
 Metaspace       used 35463K, capacity 35958K, committed 36048K, reserved 1081344K
  class space    used 4351K, capacity 4557K, committed 4608K, reserved 1048576K
}
Event: 4.646 GC heap after
{Heap after GC invocations=5 (full 0):
 garbage-first heap   total 98304K, used 22016K [0x00000000a1400000, 0x0000000100000000)
  region size 1024K, 2 young (2048K), 2 survivors (2048K)
 Metaspace       used 35463K, capacity 35958K, committed 36048K, reserved 1081344K
  class space    used 4351K, capacity 4557K, committed 4608K, reserved 1048576K
}
Event: 6.362 GC heap before
{Heap before GC invocations=6 (full 0):
 garbage-first heap   total 98304K, used 69120K [0x00000000a1400000, 0x0000000100000000)
  region size 1024K, 48 young (49152K), 2 survivors (2048K)
 Metaspace       used 45492K, capacity 46089K, committed 46236K, reserved 1089536K
  class space    used 5345K, capacity 5559K, committed 5580K, reserved 1048576K
}
Event: 6.390 GC heap after
{Heap after GC invocations=7 (full 0):
 garbage-first heap   total 120832K, used 26033K [0x00000000a1400000, 0x0000000100000000)
  region size 1024K, 6 young (6144K), 6 survivors (6144K)
 Metaspace       used 45492K, capacity 46089K, committed 46236K, reserved 1089536K
  class space    used 5345K, capacity 5559K, committed 5580K, reserved 1048576K
}
Event: 8.409 GC heap before
{Heap before GC invocations=8 (full 0):
 garbage-first heap   total 120832K, used 81329K [0x00000000a1400000, 0x0000000100000000)
  region size 1024K, 59 young (60416K), 6 survivors (6144K)
 Metaspace       used 50066K, capacity 50662K, committed 50844K, reserved 1093632K
  class space    used 5781K, capacity 6005K, committed 6092K, reserved 1048576K
}
Event: 8.449 GC heap after
{Heap after GC invocations=9 (full 0):
 garbage-first heap   total 120832K, used 32939K [0x00000000a1400000, 0x0000000100000000)
  region size 1024K, 7 young (7168K), 7 survivors (7168K)
 Metaspace       used 50066K, capacity 50662K, committed 50844K, reserved 1093632K
  class space    used 5781K, capacity 6005K, committed 6092K, reserved 1048576K
}
Event: 10.772 GC heap before
{Heap before GC invocations=9 (full 0):
 garbage-first heap   total 120832K, used 88235K [0x00000000a1400000, 0x0000000100000000)
  region size 1024K, 61 young (62464K), 7 survivors (7168K)
 Metaspace       used 51912K, capacity 52509K, committed 52764K, reserved 1095680K
  class space    used 5867K, capacity 6109K, committed 6220K, reserved 1048576K
}
Event: 10.826 GC heap after
{Heap after GC invocations=10 (full 0):
 garbage-first heap   total 120832K, used 40775K [0x00000000a1400000, 0x0000000100000000)
  region size 1024K, 8 young (8192K), 8 survivors (8192K)
 Metaspace       used 51912K, capacity 52509K, committed 52764K, reserved 1095680K
  class space    used 5867K, capacity 6109K, committed 6220K, reserved 1048576K
}
Event: 11.928 GC heap before
{Heap before GC invocations=10 (full 0):
 garbage-first heap   total 120832K, used 89927K [0x00000000a1400000, 0x0000000100000000)
  region size 1024K, 56 young (57344K), 8 survivors (8192K)
 Metaspace       used 54940K, capacity 55610K, committed 55964K, reserved 1099776K
  class space    used 6222K, capacity 6481K, committed 6604K, reserved 1048576K
}
Event: 11.971 GC heap after
{Heap after GC invocations=11 (full 0):
 garbage-first heap   total 120832K, used 43520K [0x00000000a1400000, 0x0000000100000000)
  region size 1024K, 3 young (3072K), 3 survivors (3072K)
 Metaspace       used 54940K, capacity 55610K, committed 55964K, reserved 1099776K
  class space    used 6222K, capacity 6481K, committed 6604K, reserved 1048576K
}

